21354	3	---	0
6677	6	------	0
2876	9	---------	0
2608	12	------------	0
1782	15	---------------	0
900	18	------------------	0
1071	21	---------------------	0
505	24	------------------------	0
561	27	---------------------------	0
60	30	------------------------------	0
148	33	---------------------------------	0
158	36	------------------------------------	0
335	39	---------------------------------------	0
125	42	------------------------------------------	0
19	45	---------------------------------------------	0
5	48	------------------------------------------------	0
4	51	---------------------------------------------------	0
1	54	------------------------------------------------------	0
444	57	---------------------------------------------------------	0
233	60	------------------------------------------------------------	0
15	63	---------------------------------------------------------------	0
11	66	------------------------------------------------------------------	0
10	69	---------------------------------------------------------------------	0
24	72	------------------------------------------------------------------------	0
2	75	---------------------------------------------------------------------------	0
129	78	------------------------------------------------------------------------------	0
5	81	---------------------------------------------------------------------------------	0
2	84	------------------------------------------------------------------------------------	0
2	87	---------------------------------------------------------------------------------------	0
3	90	------------------------------------------------------------------------------------------	0
63	96	------------------------------------------------------------------------------------------------	0
82	102	------------------------------------------------------------------------------------------------------	0
3	108	------------------------------------------------------------------------------------------------------------	0
2	114	------------------------------------------------------------------------------------------------------------------	0
1	159	---------------------------------------------------------------------------------------------------------------------------------------------------------------	0
1	165	---------------------------------------------------------------------------------------------------------------------------------------------------------------------	0
1	168	------------------------------------------------------------------------------------------------------------------------------------------------------------------------	0
