kpotoh:~/birds$ bash ./scripts/align_genes_devilworm.sh data/interim/geneseqs_devilworm/*
created directory data/interim/alignments_devilworm
start parallel computing...
file : data/interim/geneseqs_devilworm/ND4L.fasta
148	sequences with genetic code	The_Invertebrate_Mitochondrial_Code
compute initial pairwise distances
....................................................................................................................................................
compute first alignment with guide tree
+++++++++++++++++++++++++++++++++++++++++++++++++++++++++++++++++++++++++++++++++++++++++++++++++++++++++++++++++++++++++++++++++++++++++++++++++++
first alignment score : 2516177.5

start refining the alignment
refine 2 cut : sum of pairs ========= 0 => 2516177.5
.............................+..........................+.....................................+...............................+............+.......+++....++.........................................................................+.................................................+.+............
refine 2 cut : sum of pairs ========= 1 => 2528744.0
....++...............................................................................................................................................................................................................-............................................+.........................+...+.....
refine 2 cut : sum of pairs ========= 2 => 2528902.0
.............................................................................................................................................................................---..........................................................-......................................................--...
The file 'data/interim/alignments_devilworm/ND4L.fna' was created.
The file 'data/interim/alignments_devilworm/ND4L.faa' was created.
PROGRAM HAS FINISHED SUCCESSFULLY
file : data/interim/geneseqs_devilworm/ND3.fasta
148	sequences with genetic code	The_Invertebrate_Mitochondrial_Code
compute initial pairwise distances
....................................................................................................................................................
compute first alignment with guide tree
+++++++++++++++++++++++++++++++++++++++++++++++++++++++++++++++++++++++++++++++++++++++++++++++++++++++++++++++++++++++++++++++++++++++++++++++++++
first alignment score : 3612873.2

start refining the alignment
refine 2 cut : sum of pairs ========= 0 => 3612873.2
..........+............+............................+..............+....................+.............................+...............................++.+....+.+..............+.................+.....................+..............++++.......................................+..++++.......+......
refine 2 cut : sum of pairs ========= 1 => 3629170.5
.............................+........................+............................................................................................++++..............................................................................................................................+.+....+....+....
refine 2 cut : sum of pairs ========= 2 => 3632380.5
...............................................................................................................................................................................................................................-...................................................----...............
The file 'data/interim/alignments_devilworm/ND3.fna' was created.
The file 'data/interim/alignments_devilworm/ND3.faa' was created.
PROGRAM HAS FINISHED SUCCESSFULLY
file : data/interim/geneseqs_devilworm/ND6.fasta
148	sequences with genetic code	The_Invertebrate_Mitochondrial_Code
compute initial pairwise distances
....................................................................................................................................................
compute first alignment with guide tree
+++++++++++++++++++++++++++++++++++++++++++++++++++++++++++++++++++++++++++++++++++++++++++++++++++++++++++++++++++++++++++++++++++++++++++++++++++
first alignment score : 3431260.0

start refining the alignment
refine 2 cut : sum of pairs ========= 0 => 3431260.0
..........+..+......+........+...+.+........++.......+..........+.........+.........+.............+.................++.+....+..+..............+.......++++..++..++++++..+......+.+.+..++..++..+...................................................+.......................++.......++++++++..++.+++.++
refine 2 cut : sum of pairs ========= 1 => 3524152.5
........++..................+.....+........................................................................................................................................-...............................+..........+.........................................+..+....+.+.+.............+.+.++..+...
refine 2 cut : sum of pairs ========= 2 => 3525617.5
..............+..............................................................................................................................................++.....................................................+............+....+.+......................................+..............+.+.....
refine 2 cut : sum of pairs ========= 3 => 3526708.0
...+.................................................................................................................................................................-.........................................................+.+....................................................+...............
refine 2 cut : sum of pairs ========= 4 => 3527176.8
...................................................................................................................................................+.....................................................................+............................................................................
refine 2 cut : sum of pairs ========= 5 => 3527507.5
....................................................................................................................................................................-...................................................----------------------------------------------------------------------------..
The file 'data/interim/alignments_devilworm/ND6.fna' was created.
The file 'data/interim/alignments_devilworm/ND6.faa' was created.
PROGRAM HAS FINISHED SUCCESSFULLY
file : data/interim/geneseqs_devilworm/COX2.fasta
148	sequences with genetic code	The_Invertebrate_Mitochondrial_Code
compute initial pairwise distances
....................................................................................................................................................
compute first alignment with guide tree
+++++++++++++++++++++++++++++++++++++++++++++++++++++++++++++++++++++++++++++++++++++++++++++++++++++++++++++++++++++++++++++++++++++++++++++++++++
first alignment score : 9121712.0

start refining the alignment
refine 2 cut : sum of pairs ========= 0 => 9121712.0
..........+....+.+....+..............................................................................+..............+....+.........................++++.+...+.++..++............+......++.......+...+....++++...+...............................................................+.....++++++++++++++++
refine 2 cut : sum of pairs ========= 1 => 9158394.0
...........................................................................................................................-.......................+++++.........................................................................................................++......+...+....................+...
refine 2 cut : sum of pairs ========= 2 => 9160662.0
..........................................................................................................................-..............................................................................................................................................................---..........
The file 'data/interim/alignments_devilworm/COX2.fna' was created.
The file 'data/interim/alignments_devilworm/COX2.faa' was created.
PROGRAM HAS FINISHED SUCCESSFULLY
file : data/interim/geneseqs_devilworm/COX3.fasta
148	sequences with genetic code	The_Invertebrate_Mitochondrial_Code
compute initial pairwise distances
....................................................................................................................................................
compute first alignment with guide tree
+++++++++++++++++++++++++++++++++++++++++++++++++++++++++++++++++++++++++++++++++++++++++++++++++++++++++++++++++++++++++++++++++++++++++++++++++++
first alignment score : 9935062.0

start refining the alignment
refine 2 cut : sum of pairs ========= 0 => 9935062.0
............+......+....++.....................................................................+...................................+...............+.+++...............+................+...............................++...+...............................................+.....+.+++..............
refine 2 cut : sum of pairs ========= 1 => 9946827.0
......++..........+...........+.+......+.............+..........+..............................+....................................+......................................................................................................................................................+......++..
refine 2 cut : sum of pairs ========= 2 => 9962470.0
.........................................................................................................................................-...........................................................................................--...............................................................
The file 'data/interim/alignments_devilworm/COX3.fna' was created.
The file 'data/interim/alignments_devilworm/COX3.faa' was created.
PROGRAM HAS FINISHED SUCCESSFULLY
file : data/interim/geneseqs_devilworm/ATP6.fasta
148	sequences with genetic code	The_Invertebrate_Mitochondrial_Code
compute initial pairwise distances
....................................................................................................................................................
compute first alignment with guide tree
+++++++++++++++++++++++++++++++++++++++++++++++++++++++++++++++++++++++++++++++++++++++++++++++++++++++++++++++++++++++++++++++++++++++++++++++++++
first alignment score : 5446703.0

start refining the alignment
refine 2 cut : sum of pairs ========= 0 => 5446703.0
........+.............................................+..........................................................................-.................++.+....++++..+..+..+.+.+....++................+.......................+..........+.......................................+......+++++++..+++++..++
refine 2 cut : sum of pairs ========= 1 => 5535505.5
.......+..+............................................................................+......................................+....................+...............................................................................................................+....+++.+.++..+.........+...+.....
refine 2 cut : sum of pairs ========= 2 => 5538059.0
.......+...................+.....................................................................................................-...............................................................................................................................+....................+...............
refine 2 cut : sum of pairs ========= 3 => 5540111.0
.......+............+............................................................................................................-.........................+....+.....+..............................................................................................................+..............++
refine 2 cut : sum of pairs ========= 4 => 5541772.0
.......+.........................................................................................................................-...................................................................................................................................................................+
refine 2 cut : sum of pairs ========= 5 => 5541779.0
.................................................................................................................................-....................................................................................................................................................................
The file 'data/interim/alignments_devilworm/ATP6.fna' was created.
The file 'data/interim/alignments_devilworm/ATP6.faa' was created.
PROGRAM HAS FINISHED SUCCESSFULLY
file : data/interim/geneseqs_devilworm/ND1.fasta
148	sequences with genetic code	The_Invertebrate_Mitochondrial_Code
compute initial pairwise distances
....................................................................................................................................................
compute first alignment with guide tree
+++++++++++++++++++++++++++++++++++++++++++++++++++++++++++++++++++++++++++++++++++++++++++++++++++++++++++++++++++++++++++++++++++++++++++++++++++
first alignment score : 1.046597E7

start refining the alignment
refine 2 cut : sum of pairs ========= 0 => 1.046597E7
...........+.....+.............................+..........+.......................................+................................................+++.+.......++.++++.+.....+................................++...+......+.........................++......................+++.....+.++......+.......
refine 2 cut : sum of pairs ========= 1 => 1.0495519E7
...............................................+...................................................................................................+.............+.........................................................................................................+.....+....+.+.....+.....+.
refine 2 cut : sum of pairs ========= 2 => 1.0497278E7
.......................................................................................................................................................+.........................................+...................................................................................................+
refine 2 cut : sum of pairs ========= 3 => 1.0497498E7
...........................................+.........................................................................................................................................-..........................................................++............................................+.......
refine 2 cut : sum of pairs ========= 4 => 1.049879E7
.....................................................................................................................................................................................-............................................................................................+...........++......
refine 2 cut : sum of pairs ========= 5 => 1.0499263E7
.....................................................................................................................................................................................-.......................................................................................................------...
The file 'data/interim/alignments_devilworm/ND1.fna' was created.
The file 'data/interim/alignments_devilworm/ND1.faa' was created.
PROGRAM HAS FINISHED SUCCESSFULLY
file : data/interim/geneseqs_devilworm/ND2.fasta
148	sequences with genetic code	The_Invertebrate_Mitochondrial_Code
compute initial pairwise distances
....................................................................................................................................................
compute first alignment with guide tree
+++++++++++++++++++++++++++++++++++++++++++++++++++++++++++++++++++++++++++++++++++++++++++++++++++++++++++++++++++++++++++++++++++++++++++++++++++
first alignment score : 7180941.0

start refining the alignment
refine 2 cut : sum of pairs ========= 0 => 7180941.0
...+..........+............+..........+...........+.......+..+.....+...........+........+.+.....+........................+.....................-...++++++.++++++.+++++..++++..........+............+..........+................+.+..++...+................................+++++++.+.++++++++....++...+
refine 2 cut : sum of pairs ========= 1 => 7280669.5
......................+...+.........................+....................................................................................................-.............................................................................................+.+..++.+...+...........+.........+....+.......
refine 2 cut : sum of pairs ========= 2 => 7284391.0
...........................+.............................................................................................................................-............................................+...............................................................................................
refine 2 cut : sum of pairs ========= 3 => 7284421.0
.........................................................................................................................................................-............................................-----------------------------------------------------------------------------------------------.
The file 'data/interim/alignments_devilworm/ND2.fna' was created.
The file 'data/interim/alignments_devilworm/ND2.faa' was created.
PROGRAM HAS FINISHED SUCCESSFULLY
file : data/interim/geneseqs_devilworm/CYTB.fasta
148	sequences with genetic code	The_Invertebrate_Mitochondrial_Code
compute initial pairwise distances
....................................................................................................................................................
compute first alignment with guide tree
+++++++++++++++++++++++++++++++++++++++++++++++++++++++++++++++++++++++++++++++++++++++++++++++++++++++++++++++++++++++++++++++++++++++++++++++++++
first alignment score : 1.3931086E7

start refining the alignment
refine 2 cut : sum of pairs ========= 0 => 1.3931086E7
................+..+.......+....+........+.+......+.........................+......................................................+.+...............+.+.+++......+.+.++....+......+.....++.......+........+.++............+..............+................................+..+.+...+....+...+.+......
refine 2 cut : sum of pairs ========= 1 => 1.3965938E7
.....+....................................................................................................................................................+......................................................................................................................+....................
refine 2 cut : sum of pairs ========= 2 => 1.3967043E7
....................................................................................................................................................................-......................................................................................................--------------------.......
The file 'data/interim/alignments_devilworm/CYTB.fna' was created.
The file 'data/interim/alignments_devilworm/CYTB.faa' was created.
PROGRAM HAS FINISHED SUCCESSFULLY
file : data/interim/geneseqs_devilworm/ND4.fasta
148	sequences with genetic code	The_Invertebrate_Mitochondrial_Code
compute initial pairwise distances
....................................................................................................................................................
compute first alignment with guide tree
+++++++++++++++++++++++++++++++++++++++++++++++++++++++++++++++++++++++++++++++++++++++++++++++++++++++++++++++++++++++++++++++++++++++++++++++++++
first alignment score : 1.3810085E7

start refining the alignment
refine 2 cut : sum of pairs ========= 0 => 1.3810085E7
......................+............................................................+.............+........+........................................+....++++++...+++++......+.+...+.+.............................+.............................................................+....++.+..+.....+....
refine 2 cut : sum of pairs ========= 1 => 1.3851045E7
..................+.......................+......+....................................................................................................+..+.....................................................................................................................+......+....+..........
refine 2 cut : sum of pairs ========= 2 => 1.3857853E7
...................................................................................................................................................................-..............................................................................................................----------..........
The file 'data/interim/alignments_devilworm/ND4.fna' was created.
The file 'data/interim/alignments_devilworm/ND4.faa' was created.
PROGRAM HAS FINISHED SUCCESSFULLY
file : data/interim/geneseqs_devilworm/COX1.fasta
148	sequences with genetic code	The_Invertebrate_Mitochondrial_Code
compute initial pairwise distances
....................................................................................................................................................
compute first alignment with guide tree
+++++++++++++++++++++++++++++++++++++++++++++++++++++++++++++++++++++++++++++++++++++++++++++++++++++++++++++++++++++++++++++++++++++++++++++++++++
first alignment score : 2.34957E7

start refining the alignment
refine 2 cut : sum of pairs ========= 0 => 2.34957E7
.........++...........+............................-..........+............................+.....................+...................+.....+........+++.......++...+.+....+............+.+.............................+.......++.+.+................................................+++.+.....+......
refine 2 cut : sum of pairs ========= 1 => 2.35221E7
................................................+........................................................-..............................................+..........................................................................................................................+...++.............
refine 2 cut : sum of pairs ========= 2 => 2.3522888E7
.+.................................................-......................................................................................................+.........................+......................................................+..........................................................
refine 2 cut : sum of pairs ========= 3 => 2.3524298E7
...............................................................................................................................................................-----.......................-..................................................-----------------------------------------------------...
The file 'data/interim/alignments_devilworm/COX1.fna' was created.
The file 'data/interim/alignments_devilworm/COX1.faa' was created.
PROGRAM HAS FINISHED SUCCESSFULLY
file : data/interim/geneseqs_devilworm/ND5.fasta
148	sequences with genetic code	The_Invertebrate_Mitochondrial_Code
compute initial pairwise distances
....................................................................................................................................................
compute first alignment with guide tree
+++++++++++++++++++++++++++++++++++++++++++++++++++++++++++++++++++++++++++++++++++++++++++++++++++++++++++++++++++++++++++++++++++++++++++++++++++
first alignment score : 1.6449506E7

start refining the alignment
refine 2 cut : sum of pairs ========= 0 => 1.6449506E7
....+..+..+...............+..........+.+.+......+.........+.....+......+.....................................+...............+............+.......-++++++++++++++++++++++++....+.......++...........+.....+...................................+...+.................+..+.....++++...++++++...++.......
refine 2 cut : sum of pairs ========= 1 => 1.6592002E7
................................+.................................................................................................................-........................................................+.............................................+...++++.++.....++..+.........+.....+.+......
refine 2 cut : sum of pairs ========= 2 => 1.6594896E7
.............................................................................................................+....................................-.............................................+............................................................................................+........
refine 2 cut : sum of pairs ========= 3 => 1.6595264E7
......................................................................+...........................................................................-...................................................................................................................................................
refine 2 cut : sum of pairs ========= 4 => 1.6595266E7
.......................................................................-------------------------------------------------------------------------------------------------------------------------------------------------------------------------------------------------------------------------------
The file 'data/interim/alignments_devilworm/ND5.fna' was created.
The file 'data/interim/alignments_devilworm/ND5.faa' was created.
PROGRAM HAS FINISHED SUCCESSFULLY
