Acanthocheilonema_viteae	12
Aelurostrongylus_abstrusus	12
Allodiplogaster_sudhausi	12
Ancylostoma_caninum	12
Ancylostoma_ceylanicum	12
Ancylostoma_duodenale	12
Ancylostoma_tubaeforme	12
Angiostrongylus_cantonensis	12
Angiostrongylus_costaricensis	12
Angiostrongylus_mackerrasae	12
Angiostrongylus_malaysiensis	12
Angiostrongylus_vasorum	9
Anisakis_berlandi	12
Anisakis_pegreffii	12
Anisakis_simplex	12
Aphelenchoides_besseyi	12
Ascaridia_columbae	12
Ascaridia_galli	12
Ascaris_lumbricoides	12
Ascaris_ovis	12
Ascaris_suum	12
Baylisascaris_procyonis	12
Baylisascaris_schroederi	12
Baylisascaris_transfuga	11
Brugia_malayi	12
Bunostomum_phlebotomum	12
Bunostomum_trigonocephalum	12
Bursaphelenchus_mucronatus	12
Bursaphelenchus_xylophilus	12
Caenorhabditis_afra	12
Caenorhabditis_angaria	12
Caenorhabditis_brenneri	12
Caenorhabditis_castelli	12
Caenorhabditis_doughertyi	12
Caenorhabditis_elegans	12
Caenorhabditis_macrosperma	12
Caenorhabditis_nouraguensis	12
Caenorhabditis_plicata	12
Caenorhabditis_remanei	12
Caenorhabditis_tropicalis	12
Caenorhabditis_virilis	12
Caenorhabditis_wallacei	12
Camallanus_cotti	12
Chabertia_erschowi	12
Chabertia_ovina	12
Chandlerella_quiscali	12
Contracaecum_ogmorhini_sensu_lato_Australia	12
Contracaecum_ogmorhini_sensu_lato_Pacific_Canada	12
Contracaecum_ogmorhini_sensu_lato_South_Africa	12
Contracaecum_osculatum	12
Contracaecum_rudolphii_B_Bullini_et_al_1986	12
Cooperia_oncophora	12
Cucullanus_robustus	12
Cyathostomum_catinatum	12
Cyathostomum_pateratum	12
Cylicocyclus_ashworthi	12
Cylicocyclus_auriculatus	12
Cylicocyclus_insigne	12
Cylicocyclus_nassatus	12
Cylicocyclus_radiatus	12
Cylicodontophorus_bicoronatus	11
Cylicostephanus_minutus	11
Dictyocaulus_eckerti	9
Dictyocaulus_viviparus	12
Diploscapter_coronatus	12
Dirofilaria_immitis	12
Dirofilaria_repens	12
Dirofilaria_sp_hongkongensis	12
Dracunculus_medinensis	12
Enterobius_vermicularis	12
Gnathostoma_doloresi	12
Gnathostoma_nipponicum	12
Gnathostoma_spinigerum	12
Gongylonema_pulchrum	12
Haemonchus_contortus	12
Haemonchus_placei	12
Halicephalobus_mephisto	12
Halicephalobus_sp_NKZ332	12
Heliconema_longissimum	11
Heterakis_beramporia	12
Heterakis_dispar	12
Heterakis_gallinarum	12
Heterorhabditis_bacteriophora	12
Heterorhabditis_indica	12
Hypodontus_macropi	12
Macropicola_ocydromi	12
Marshallagia_marshalli	12
Mecistocirrus_digitatus	11
Meloidogyne_arenaria	12
Meloidogyne_enterolobii	12
Meloidogyne_graminicola	12
Meloidogyne_incognita	12
Meloidogyne_javanica	12
Metastrongylus_pudendotectus	12
Metastrongylus_salmi	12
Necator_americanus	12
Nematodirus_oiratianus	12
Nematodirus_spathiger	12
Nippostrongylus_brasiliensis	12
Oesophagostomum_asperum	12
Oesophagostomum_columbianum	12
Oesophagostomum_dentatum	12
Oesophagostomum_quadrispinulatum	12
Onchocerca_flexuosa	12
Onchocerca_lupi	12
Onchocerca_ochengi	12
Onchocerca_volvulus	12
Ortleppascaris_sinensis	12
Oxyuris_equi	8
Parafilaroides_normani	12
Parascaris_equorum	12
Parascaris_univalens	12
Passalurus_ambiguus	7
Philometroides_sanguineus	11
Poteriostomum_imparidentatum	12
Pristionchus_pacificus	12
Protostrongylus_rufescens	12
Pseudoterranova_azarasi	10
Pseudoterranova_bulbosa	12
Pseudoterranova_cattani	12
Pseudoterranova_decipiens_sensu_lato_Germany	11
Pseudoterranova_krabbei	12
Rhigonema_thysanophora	12
Setaria_digitata	11
Setaria_labiatopapillosa	12
Spirocerca_lupi	11
Steinernema_abbasi	12
Steinernema_carpocapsae	12
Strongyloides_ratti	12
Strongyloides_stercoralis	12
Strongyloides_venezuelensis	12
Strongylus_equinus	12
Strongylus_vulgaris	12
Syngamus_trachea	12
Teladorsagia_circumcincta	12
Thelazia_callipaeda	10
Toxascaris_leonina	12
Toxocara_canis	12
Toxocara_cati	12
Toxocara_malaysiensis	12
Trichostrongylus_axei	12
Trichostrongylus_vitrinus	12
Triodontophorus_brevicauda	12
Triodontophorus_nipponicus	12
Triodontophorus_serratus	12
Uncinaria_sanguinis	12
Wellcomia_siamensis	12
Wuchereria_bancrofti	12
