Acanthisitta_chloris	12
Acanthorhynchus_tenuirostris	12
Accipiter_gentilis	12
Accipiter_nisus	12
Accipiter_trivirgatus	12
Accipiter_virgatus	12
Aceros_waldeni	12
Acridotheres_cristatellus	12
Acridotheres_tristis	12
Acrocephalus_scirpaceus	12
Acryllium_vulturinum	12
Aegithalos_fuliginosus	12
Aegotheles_bennettii	12
Aegotheles_cristatus	12
Aethia_cristatella	12
Aethopyga_gouldiae	12
Agapornis_lilianae	12
Agapornis_nigrigenis	12
Agapornis_pullarius	12
Agapornis_roseicollis	12
Agelaioides_badius	12
Agelaius_phoeniceus	12
Agelasticus_cyanopus	12
Agelasticus_thilius	12
Agelasticus_xanthophthalmus	12
Aix_galericulata	12
Alauda_arvensis	12
Alcedo_atthis	12
Aleadryas_rufinucha	12
Alectoris_chukar	12
Alectura_lathami	12
Amaurornis_akool	11
Amaurornis_phoenicurus	12
Amazilia_brevirostris	12
Amazilia_versicolor	12
Amazona_aestiva	12
Amazona_guildingii	12
Amazona_ochrocephala	12
Amazona_ventralis	12
Amblyramphus_holosericeus	12
Anas_acuta	12
Anas_crecca	12
Anas_platyrhynchos	12
Anas_poecilorhyncha	12
Anhinga_melanogaster	12
Anser_albifrons	12
Anseranas_semipalmata	12
Anser_anser	12
Anser_cygnoides	12
Anser_indicus	12
Anthoscopus_minutus	12
Anthracoceros_coronatus	12
Anthus_novaeseelandiae	12
Aphelocoma_coerulescens	12
Aptenodytes_forsteri	12
Aptenodytes_patagonicus	12
Apteryx_haastii	12
Apus_apus	12
Aquila_chrysaetos	12
Aquila_heliaca	12
Aquila_nipalensis	12
Ara_ararauna	12
Ara_chloropterus	12
Ara_glaucogularis	12
Ara_macao	12
Ara_militaris	12
Aramus_guarauna	12
Aratinga_solstitialis	12
Arborophila_ardens	12
Arborophila_brunneopectus	12
Arborophila_rufipectus	12
Arborophila_rufogularis	12
Archilochus_colubris	12
Ardea_cinerea	12
Ardea_insignis	12
Ardea_purpurea	12
Ardeola_bacchus	12
Ardeotis_kori	12
Arenaria_interpres	12
Arremon_aurantiirostris	12
Artamus_cinereus	12
Asio_flammeus	12
Asio_otus	12
Atlantisia_rogersi	12
Atrichornis_clamosus	12
Aythya_americana	12
Aythya_baeri	12
Aythya_ferina	12
Aythya_fuligula	12
Balearica_pavonina	12
Balearica_regulorum	12
Bambusicola_fytchii	12
Bambusicola_thoracicus	12
Bombycilla_garrulus	12
Botaurus_stellaris	12
Brachypteracias_leptosomus	12
Branta_canadensis	12
Brotogeris_cyanoptera	12
Bubo_bubo	12
Bubulcus_ibis	12
Bucco_capensis	12
Buceros_bicornis	12
Buphagus_erythrorhynchus	12
Burhinus_bistriatus	12
Buteo_buteo	12
Butorides_striata	12
Bycanistes_brevis	12
Cacatua_moluccensis	12
Cacatua_pastinator	12
Cairina_moschata	12
Calandrella_cinerea	12
Calcarius_ornatus	12
Calidris_ruficollis	12
Calidris_tenuirostris	12
Callaeas_cinereus	12
Callipepla_squamata	12
Calliphlox_amethystina	12
Caloenas_nicobarica	12
Caloperdix_oculeus	12
Calyptorhynchus_lathami	12
Campephilus_guatemalensis	12
Campephilus_imperialis	12
Campylorhamphus_procurvoides	12
Campylorhynchus_brunneicapillus	12
Campylorhynchus_zonatus	12
Caracara_cheriway	12
Caracara_plancus	12
Cardinalis_cardinalis	12
Carpodacus_erythrinus	12
Carpodacus_pulcherrimus	12
Carpodacus_roseus	12
Carpodacus_rubicilloides	12
Casuarius_casuarius	12
Cathartes_aura	12
Catharus_fuscescens	12
Centropus_bengalensis	12
Centropus_unirufus	12
Cephalopterus_ornatus	12
Certhia_brachydactyla	12
Certhia_himalayana	12
Ceryle_rudis	12
Ceuthmochares_aereus	12
Chaetops_frenatus	12
Chaetorhynchus_papuensis	12
Chaetura_pelagica	12
Charadrius_alexandrinus	12
Charadrius_vociferus	12
Chauna_torquata	12
Chloroceryle_aenea	12
Chlorophanes_spiza	12
Chloropsis_cyanopogon	12
Chloropsis_hardwickii	12
Chrysolampis_mosquitus	12
Chrysolophus_amherstiae	12
Chrysolophus_pictus	12
Chrysomus_icterocephalus	12
Chrysomus_ruficapillus	12
Ciconia_boyciana	12
Ciconia_ciconia	12
Ciconia_nigra	12
Cinclosoma_castanotum	12
Cinclosoma_punctatum	12
Cinclus_mexicanus	12
Circaetus_pectoralis	12
Circus_melanoleucos	12
Climacteris_rufus	12
Cnemophilus_loriae	12
Cnemotriccus_fuscatus	12
Coccothraustes_coccothraustes	12
Colinus_virginianus	12
Colius_striatus	12
Columba_hodgsonii	12
Columba_livia	12
Columba_rupestris	12
Copsychus_saularis	12
Coracopsis_vasa	12
Corvus_brachyrhynchos	12
Corvus_corax	12
Corvus_coronoides	12
Corvus_cryptoleucus	12
Corvus_dauuricus	12
Corvus_frugilegus	12
Corvus_hawaiiensis	12
Corvus_macrorhynchos	12
Corvus_moneduloides	12
Corvus_splendens	12
Corythaixoides_concolor	12
Cossypha_semirufa	12
Coturnicops_exquisitus	12
Coturnix_chinensis	12
Coturnix_japonica	12
Crax_daubentoni	12
Crax_rubra	12
Crossoptilon_auritum	12
Crossoptilon_crossoptilon	12
Crossoptilon_harmani	12
Crossoptilon_mantchuricum	12
Crotophaga_sulcirostris	12
Crypturellus_cinnamomeus	12
Crypturellus_soui	12
Crypturellus_undulatus	12
Cuculus_poliocephalus	12
Culicicapa_ceylonensis	12
Curaeus_curaeus	12
Cyanopica_cyanus	12
Cyanoptila_cyanomelana	12
Cygnus_atratus	12
Cygnus_columbianus	12
Cygnus_cygnus	12
Cygnus_olor	12
Cypseloides_fumigatus	12
Daphoenositta_chrysoptera	12
Daption_capense	12
Dasyornis_broadbenti	12
Delichon_urbicum	12
Dendrocitta_formosae	12
Dendrocopos_darjellensis	12
Dendrocopos_leucotos	12
Dendrocopos_major	12
Dendrocygna_javanica	12
Dicaeum_agile	12
Dicaeum_concolor	12
Dicaeum_eximium	12
Dicrurus_hottentottus	12
Dicrurus_macrocercus	12
Dicrurus_megarhynchus	12
Didunculus_strigirostris	12
Diopsittaca_nobilis	12
Dives_dives	12
Dromaius_novaehollandiae	12
Drymodes_brunneopygia	12
Dryocopus_pileatus	12
Dryoscopus_gambensis	12
Eclectus_roratus	12
Egretta_eulophotes	12
Egretta_garzetta	12
Egretta_sacra	12
Emberiza_aureola	12
Emberiza_chrysophrys	12
Emberiza_cioides	12
Emberiza_elegans	12
Emberiza_fucata	12
Emberiza_jankowskii	12
Emberiza_leucocephalos	12
Emberiza_pusilla	12
Emberiza_rustica	12
Emberiza_rutila	12
Emberiza_spodocephala	12
Emberiza_tristrami	12
Eophona_migratoria	12
Eopsaltria_australis	12
Eopsaltria_georgiana	12
Epthianura_albifrons	12
Eremophila_alpestris	12
Erpornis_zantholeuca	12
Erythrocercus_mccallii	12
Eudocimus_ruber	12
Eudromia_elegans	12
Eudyptes_chrysocome	12
Eudyptes_chrysolophus	12
Eudyptula_minor	12
Eulacestoma_nigropectus	12
Euphagus_cyanocephalus	12
Eurystomus_gularis	12
Eurystomus_orientalis	12
Falco_amurensis	12
Falco_cherrug	12
Falco_columbarius	12
Falco_naumanni	12
Falco_peregrinus	12
Falco_rusticolus	12
Falco_sparverius	12
Falco_subbuteo	12
Falco_tinnunculus	12
Falcunculus_frontatus	12
Ficedula_albicollis	12
Ficedula_zanthopygia	12
Florisuga_fusca	12
Florisuga_mellivora	12
Formicarius_rufipectus	12
Forpus_passerinus	12
Francolinus_pintadeanus	12
Fregata_magnificens	12
Fringilla_coelebs	12
Fringilla_montifringilla	12
Furnarius_figulus	12
Gallicrex_cinerea	12
Gallinago_stenura	12
Gallinula_chloropus	12
Gallirallus_striatus	12
Gallus_gallus	12
Gallus_sonneratii	12
Gallus_varius	12
Garrulax_albogularis	12
Garrulax_canorus	12
Garrulax_formosus	12
Garrulax_perspicillatus	12
Garrulax_poecilorhynchus	12
Garrulax_sannio	12
Garrulus_glandarius	12
Gavia_pacifica	12
Gavia_stellata	12
Geococcyx_californianus	12
Geopelia_cuneata	12
Geospiza_magnirostris	12
Geotrygon_violacea	12
Gerygone_igata	12
Glaucidium_cuculoides	12
Glaucis_hirsutus	12
Gnorimopsar_chopi	12
Goura_cristata	12
Goura_scheepmakeri	12
Goura_victoria	12
Gracula_religiosa	12
Grallaria_varia	12
Grantiella_picta	12
Grus_americana	12
Grus_carunculatus	12
Grus_grus	12
Grus_japonensis	12
Grus_leucogeranus	12
Grus_monacha	12
Grus_nigricollis	12
Grus_paradisea	12
Grus_virgo	12
Guaruba_guarouba	12
Gymnomystax_mexicanus	12
Gymnorhina_tibicen	12
Haematopus_ater	12
Haematopus_ostralegus	12
Haematortyx_sanguiniceps	12
Halcyon_coromanda	12
Halcyon_senegalensis	12
Halcyon_smyrnensis	12
Haliaeetus_albicilla	12
Heliodoxa_aurescens	12
Heliornis_fulica	12
Hemignathus_flavus	12
Hemiphaga_novaeseelandiae	12
Henicorhina_leucosticta	12
Herpetotheres_cachinnans	12
Himantopus_himantopus	12
Himatione_sanguinea	12
Hirundo_aethiopica	12
Hirundo_albigularis	12
Hirundo_angolensis	12
Hirundo_atrocaerulea	12
Hirundo_dimidiata	12
Hirundo_neoxena	12
Hirundo_nigrita	12
Hirundo_smithii	12
Hirundo_tahitica	12
Hydrophasianus_chirurgus	12
Hylia_prasina	12
Hyliota_flavigaster	12
Hylocharis_cyanus	12
Hypocryptadius_cinnamomeus	12
Ifrita_kowaldi	12
Indicator_maculatus	12
Indicator_xanthonotus	12
Irena_cyanogastra	12
Ithaginis_cruentus	12
Ixobrychus_cinnamomeus	12
Ixobrychus_eurhythmus	12
Ixobrychus_flavicollis	12
Ixobrychus_sinensis	12
Jacana_jacana	12
Jacana_spinosa	12
Jynx_ruficollis	12
Jynx_torquilla	12
Lagopus_lagopus	12
Lagopus_muta	12
Lanius_cristatus	12
Lanius_ludovicianus	12
Lanius_schach	12
Lanius_tephronotus	12
Lanius_tigrinus	12
Larus_crassirostris	12
Larus_dominicanus	12
Leiothrix_argentauris	12
Leiothrix_lutea	12
Lepidocolaptes_angustirostris	12
Lepidothrix_coronata	12
Leptotila_verreauxi	12
Leucopsar_rothschildi	12
Leucosticte_arctoa	12
Leucosticte_brandti	12
Limosa_haemastica	12
Limosa_lapponica	12
Locustella_pryeri	12
Lonchura_caniceps	12
Lonchura_castaneothorax	12
Lonchura_flaviprymna	12
Lonchura_forbesi	12
Lonchura_grandis	12
Lonchura_hunsteini	12
Lonchura_leucosticta	12
Lonchura_melaena	12
Lonchura_nevermanni	12
Lonchura_nigerrima	12
Lonchura_punctulata	12
Lonchura_spectabilis	12
Lonchura_striata	11
Lonchura_stygia	12
Lophophorus_impejanus	12
Lophophorus_lhuysii	12
Lophophorus_sclateri	12
Lophornis_magnificus	12
Lophura_ignita	12
Lophura_nycthemera	12
Lophura_swinhoii	12
Loxia_curvirostra	12
Loxia_leucoptera	12
Loxops_caeruleirostris	12
Loxops_coccineus	12
Machaerirhynchus_nigripectus	12
Macroagelaius_imthurni	12
Malurus_elegans	12
Malurus_melanocephalus	12
Megaceryle_lugubris	12
Megalaima_virens	12
Melamprosops_phaeosoma	12
Melanocharis_versteri	12
Melanocorypha_mongolica	12
Meleagris_gallopavo	12
Melophus_lathami	12
Melopsittacus_undulatus	12
Menura_novaehollandiae	12
Mergus_merganser	12
Mergus_squamatus	8
Merops_viridis	12
Mesembrinibis_cayennensis	12
Micrastur_gilvicollis	12
Milvus_migrans	12
Minla_ignotincta	12
Mionectes_oleagineus	12
Molothrus_aeneus	12
Molothrus_ater	12
Monticola_gularis	12
Montifringilla_adamsi	12
Montifringilla_nivalis	12
Motacilla_cinerea	12
Muscicapa_griseisticta	12
Muscicapa_sibirica	12
Mycerobas_carnipes	12
Myiagra_hebetior	12
Myiopsitta_monachus	12
Mystacornis_crossleyi	12
Myzornis_pyrrhoura	12
Napothera_epilepidota	12
Neodrepanis_coruscans	12
Neophema_chrysogaster	12
Neopipo_cinnamomea	12
Nesopsar_nigerrimus	12
Nesospiza_acunhae	12
Nestor_notabilis	12
Netta_rufina	12
Nicator_chloris	12
Niltava_davidi	12
Ninox_novaeseelandiae	12
Ninox_scutulata	12
Ninox_strenua	12
Nipponia_nippon	12
Nisaetus_alboniger	12
Nisaetus_nipalensis	12
Nothocercus_julius	12
Nothocercus_nigrocapillus	12
Nothoprocta_ornata	12
Nothoprocta_pentlandii	12
Nothoprocta_perdicaria	12
Notiomystis_cincta	12
Nucifraga_caryocatactes	12
Nucifraga_columbiana	12
Numenius_phaeopus	11
Numenius_tenuirostris	12
Numida_meleagris	12
Nycticorax_nycticorax	12
Nymphicus_hollandicus	12
Oceanites_oceanicus	12
Oceanodroma_castro	12
Oceanodroma_tethys	12
Odontophorus_gujanensis	12
Oenanthe_oenanthe	12
Onychorhynchus_coronatus	12
Oreocharis_arfaki	12
Oreomystis_bairdi	12
Oreopsar_bolivianus	12
Oreotrochilus_melanogaster	12
Origma_solitaria	12
Oriolus_chinensis	12
Oriolus_oriolus	12
Orthonyx_spaldingii	12
Otidiphaps_nobilis	12
Otis_tarda	12
Otus_bakkamoena	12
Otus_scops	12
Otus_sunia	12
Oxyruncus_cristatus	12
Pachycephala_philippinensis	12
Pachyramphus_minor	12
Padda_oryzivora	12
Pagodroma_nivea	12
Pandion_haliaetus	12
Panurus_biarmicus	12
Paradisaea_raggiana	12
Paradoxornis_fulvifrons	12
Pardalotus_punctatus	12
Parophasma_galinieri	12
Paroreomyza_montana	12
Parus_major	12
Parus_monticolus	12
Passer_ammodendri	12
Passer_domesticus	12
Passer_montanus	12
Pavo_cristatus	12
Pavo_muticus	12
Pelecanoides_urinatrix	12
Penelope_pileata	12
Penelopides_panini	12
Perdix_dauurica	12
Perdix_hodgsoniae	12
Perdix_perdix	12
Pericrocotus_ethologus	12
Petroica_australis	12
Petroica_goodenovii	12
Petroica_macrocephala	12
Petroica_phoenicea	12
Peucedramus_taeniatus	12
Phaethon_rubricauda	12
Phaethornis_malaris	12
Phainopepla_nitens	12
Phalacrocorax_auritus	12
Phalacrocorax_carbo	12
Phalcoboenus_australis	12
Phasianus_colchicus	12
Phasianus_versicolor	12
Philesturnus_carunculatus	12
Phoebastria_albatrus	12
Phoebastria_immutabilis	12
Phoebastria_nigripes	12
Phoenicopterus_roseus	12
Phoenicopterus_ruber	12
Phoenicurus_auroreus	12
Phoenicurus_frontalis	12
Phylloscopus_borealis	12
Phylloscopus_fuscatus	12
Phylloscopus_inornatus	12
Phylloscopus_proregulus	12
Phylloscopus_tenellipes	12
Piaya_cayana	12
Pica_pica	12
Picathartes_gymnocephalus	12
Picumnus_innominatus	12
Picus_canus	12
Pinicola_enucleator	12
Pionites_leucogaster	12
Piranga_bidentata	12
Piranga_erythrocephala	12
Piranga_flava	12
Piranga_hepatica	12
Piranga_leucoptera	12
Piranga_ludoviciana	12
Piranga_lutea	12
Piranga_olivacea	12
Piranga_roseogularis	12
Piranga_rubra	12
Piranga_rubriceps	12
Pitta_sordida	12
Platalea_leucorodia	12
Platalea_minor	12
Platysteira_castanea	12
Ploceus_nigricollis	12
Pluvialis_squatarola	12
Podoces_hendersoni	12
Poicephalus_senegalus	12
Polioptila_caerulea	12
Polyplectron_bicalcaratum	12
Polyplectron_germaini	12
Polyplectron_malacense	12
Polyplectron_napoleonis	12
Pomatorhinus_ruficollis	12
Pomatostomus_ruficeps	12
Porphyrio_hochstetteri	12
Porzana_paykullii	12
Porzana_pusilla	12
Primolius_couloni	12
Primolius_maracana	12
Prodotiscus_insignis	12
Progne_chalybea	12
Prosthemadera_novaeseelandiae	12
Prunella_fulvescens	12
Prunella_himalayana	12
Prunella_montanella	12
Prunella_rubeculoides	12
Prunella_strophiata	12
Pseudoleistes_guirahuro	12
Pseudoleistes_virescens	12
Pseudonestor_xanthophrys	12
Pseudopodoces_humilis	12
Psittacula_alexandri	12
Psittacula_cyanocephala	12
Psittacula_derbiana	12
Psittacula_eupatria	12
Psittacula_roseata	12
Psittirostra_psittacea	12
Psittrichas_fulgidus	12
Psophia_crepitans	12
Pterocles_burchelli	12
Pteruthius_melanotis	12
Ptilopachus_petrosus	12
Ptilorrhoa_caerulescens	12
Ptilorrhoa_leucosticta	12
Pucrasia_macrolopha	12
Pycnonotus_jocosus	12
Pycnonotus_melanicterus	12
Pycnonotus_sinensis	12
Pycnonotus_taivanus	12
Pycnonotus_xanthorrhous	12
Pygoscelis_adeliae	12
Pygoscelis_antarcticus	12
Pygoscelis_papua	12
Pyrrhocorax_graculus	12
Pyrrhocorax_pyrrhocorax	12
Pyrrhula_pyrrhula	12
Pyrrhura_rupicola	12
Quiscalus_mexicanus	12
Quiscalus_quiscula	12
Rallus_aquaticus	12
Recurvirostra_avosetta	12
Regulus_calendula	12
Regulus_regulus	12
Regulus_satrapa	12
Remiz_consobrinus	12
Rhabdornis_inornatus	12
Rhagologus_leucostigma	12
Rhea_americana	12
Rhea_pennata	12
Rhegmatorhina_hoffmannsi	12
Rhinopomastus_cyanomelas	12
Rhipidura_dahli	12
Rhipidura_fuliginosa	12
Rhodinocichla_rosea	12
Rhynchopsitta_terrisi	12
Rhynochetos_jubatus	12
Rupicola_peruvianus	12
Sakesphorus_luctuosus	12
Saltator_similis	12
Sapayoa_aenigma	12
Sasia_ochracea	12
Sclerurus_mexicanus	12
Scolopax_rusticola	12
Scytalopus_superciliaris	12
Serilophus_lunatus	12
Serinus_albogularis	12
Serinus_canaria	12
Sicalis_olivascens	12
Sitta_carolinensis	12
Sitta_europaea	12
Sitta_himalayensis	12
Sitta_nagaensis	12
Sitta_villosa	12
Smithornis_sharpei	12
Spheniscus_demersus	12
Spheniscus_humboldti	12
Spheniscus_magellanicus	12
Spheniscus_mendiculus	12
Spilornis_cheela	12
Spizaetus_tyrannus	12
Spizella_passerina	12
Sporophila_hypoxantha	12
Steatornis_caripensis	12
Stercorarius_parasiticus	12
Sterna_hirundo	12
Sterna_paradisaea	12
Streptopelia_decaocto	12
Streptopelia_orientalis	12
Strigops_habroptila	12
Strix_uralensis	12
Struthidea_cinerea	12
Struthio_camelus	12
Sturnus_cineraceus	12
Sturnus_sericeus	12
Sturnus_vulgaris	12
Sylvia_atricapilla	12
Sylvia_borin	12
Sylviparus_modestus	12
Synthliboramphus_antiquus	12
Synthliboramphus_wumizusume	12
Syrmaticus_ellioti	12
Syrmaticus_humiae	12
Syrmaticus_reevesii	12
Tachuris_rubrigastra	12
Tachybaptus_novaehollandiae	12
Tachybaptus_ruficollis	11
Tachycineta_albilinea	12
Tachycineta_albiventer	12
Tachycineta_bicolor	12
Tachycineta_cyaneoviridis	12
Tachycineta_euchrysea	12
Tachycineta_leucorrhoa	12
Tachycineta_meyeni	12
Tachycineta_stolzmanni	12
Tachycineta_thalassina	12
Tadorna_ferruginea	12
Tadorna_tadorna	12
Taeniopygia_guttata	12
Tarsiger_cyanurus	12
Terpsiphone_atrocaudata	12
Tetraogallus_himalayensis	12
Tetraogallus_tibetanus	12
Tetraophasis_obscurus	12
Tetraophasis_szechenyii	12
Thraupis_episcopus	12
Threskiornis_aethiopicus	12
Thryothorus_ludovicianus	12
Tichodroma_muraria	12
Tinamus_major	12
Todus_mexicanus	12
Toxostoma_redivivum	12
Tragopan_caboti	12
Tragopan_temminckii	12
Tregellasia_capito	12
Tregellasia_leucops	12
Tringa_erythropus	12
Tringa_glareola	12
Tringa_nebularia	12
Tringa_ochropus	12
Tringa_stagnatilis	12
Tringa_totanus	12
Trogon_melanurus	12
Trogon_viridis	12
Trugon_terrestris	12
Turdus_cardis	12
Turdus_hortulorum	12
Turdus_kessleri	12
Turdus_merula	12
Turdus_migratorius	12
Turdus_philomelos	12
Turdus_ruficollis	12
Turdus_rufiventris	12
Turnix_velox	12
Tyrannus_savana	12
Upupa_epops	12
Uragus_sibiricus	12
Urocissa_caerulea	12
Urocolius_indicus	12
Urocynchramus_pylzowi	12
Vanellus_cinereus	12
Vanellus_vanellus	12
Vestiaria_coccinea	12
Vidua_chalybeata	12
Vidua_macroura	12
Vireo_altiloquus	12
Vireo_olivaceus	12
Xanthopsar_flavus	12
Xenus_cinereus	12
Xiphorhynchus_elegans	12
Yuhina_diademata	12
Yuhina_nigrimenta	12
Zenaida_auriculata	12
Zenaida_macroura	12
Zonotrichia_albicollis	12
Zosterops_abyssinicus	12
Zosterops_erythropleurus	12
Zosterops_lateralis	12
Zosterops_poliogastrus	12
